<?xml version="1.0" encoding="UTF-8"?>
<coverage generated="1772465160213" clover="3.2.0">
  <project timestamp="1772465160213" name="All files">
    <metrics statements="28" coveredstatements="26" conditionals="8" coveredconditionals="5" methods="10" coveredmethods="9" elements="46" coveredelements="40" complexity="0" loc="28" ncloc="28" packages="1" files="2" classes="2"/>
    <file name="Blog.jsx" path="/home/sebi/Desktop/Master/Fullstack/Part5/bloglist-frontend/src/components/Blog.jsx">
      <metrics statements="13" coveredstatements="11" conditionals="6" coveredconditionals="4" methods="5" coveredmethods="4"/>
      <line num="3" count="1" type="stmt"/>
      <line num="4" count="5" type="stmt"/>
      <line num="11" count="5" type="stmt"/>
      <line num="13" count="5" type="stmt"/>
      <line num="14" count="2" type="stmt"/>
      <line num="17" count="5" type="stmt"/>
      <line num="18" count="2" type="stmt"/>
      <line num="21" count="5" type="stmt"/>
      <line num="22" count="0" type="cond" truecount="0" falsecount="2"/>
      <line num="23" count="0" type="stmt"/>
      <line num="27" count="5" type="stmt"/>
      <line num="28" count="2" type="stmt"/>
      <line num="42" count="5" type="stmt"/>
    </file>
    <file name="CreateForm.jsx" path="/home/sebi/Desktop/Master/Fullstack/Part5/bloglist-frontend/src/components/CreateForm.jsx">
      <metrics statements="15" coveredstatements="15" conditionals="2" coveredconditionals="1" methods="5" coveredmethods="5"/>
      <line num="3" count="1" type="stmt"/>
      <line num="4" count="84" type="stmt"/>
      <line num="5" count="84" type="stmt"/>
      <line num="6" count="84" type="stmt"/>
      <line num="8" count="84" type="stmt"/>
      <line num="9" count="1" type="stmt"/>
      <line num="10" count="1" type="cond" truecount="1" falsecount="1"/>
      <line num="12" count="1" type="stmt"/>
      <line num="13" count="1" type="stmt"/>
      <line num="14" count="1" type="stmt"/>
      <line num="15" count="1" type="stmt"/>
      <line num="19" count="84" type="stmt"/>
      <line num="28" count="44" type="stmt"/>
      <line num="38" count="11" type="stmt"/>
      <line num="48" count="27" type="stmt"/>
    </file>
  </project>
</coverage>
