{"/home/sebi/Desktop/Master/Fullstack/Part5/bloglist-frontend/src/components/Blog.jsx": {"path":"/home/sebi/Desktop/Master/Fullstack/Part5/bloglist-frontend/src/components/Blog.jsx","statementMap":{"0":{"start":{"line":3,"column":13},"end":{"line":51,"column":null}},"1":{"start":{"line":4,"column":20},"end":{"line":10,"column":null}},"2":{"start":{"line":11,"column":28},"end":{"line":11,"column":null}},"3":{"start":{"line":13,"column":27},"end":{"line":15,"column":null}},"4":{"start":{"line":14,"column":4},"end":{"line":14,"column":null}},"5":{"start":{"line":17,"column":21},"end":{"line":19,"column":null}},"6":{"start":{"line":18,"column":4},"end":{"line":18,"column":null}},"7":{"start":{"line":21,"column":23},"end":{"line":25,"column":null}},"8":{"start":{"line":22,"column":4},"end":{"line":24,"column":null}},"9":{"start":{"line":23,"column":6},"end":{"line":23,"column":null}},"10":{"start":{"line":27,"column":19},"end":{"line":39,"column":null}},"11":{"start":{"line":28,"column":4},"end":{"line":39,"column":null}},"12":{"start":{"line":42,"column":2},"end":{"line":49,"column":null}}},"fnMap":{"0":{"name":"(anonymous_0)","decl":{"start":{"line":3,"column":13},"end":{"line":3,"column":14}},"loc":{"start":{"line":3,"column":51},"end":{"line":51,"column":null}},"line":3},"1":{"name":"(anonymous_1)","decl":{"start":{"line":13,"column":27},"end":{"line":13,"column":33}},"loc":{"start":{"line":13,"column":33},"end":{"line":15,"column":null}},"line":13},"2":{"name":"(anonymous_2)","decl":{"start":{"line":17,"column":21},"end":{"line":17,"column":27}},"loc":{"start":{"line":17,"column":27},"end":{"line":19,"column":null}},"line":17},"3":{"name":"(anonymous_3)","decl":{"start":{"line":21,"column":23},"end":{"line":21,"column":35}},"loc":{"start":{"line":21,"column":35},"end":{"line":25,"column":null}},"line":21},"4":{"name":"(anonymous_4)","decl":{"start":{"line":27,"column":19},"end":{"line":27,"column":null}},"loc":{"start":{"line":28,"column":4},"end":{"line":39,"column":null}},"line":28}},"branchMap":{"0":{"loc":{"start":{"line":22,"column":4},"end":{"line":24,"column":null}},"type":"if","locations":[{"start":{"line":22,"column":4},"end":{"line":24,"column":null}},{"start":{},"end":{}}],"line":22},"1":{"loc":{"start":{"line":46,"column":44},"end":{"line":46,"column":70}},"type":"cond-expr","locations":[{"start":{"line":46,"column":54},"end":{"line":46,"column":63}},{"start":{"line":46,"column":63},"end":{"line":46,"column":70}}],"line":46},"2":{"loc":{"start":{"line":47,"column":9},"end":{"line":47,"column":null}},"type":"binary-expr","locations":[{"start":{"line":47,"column":9},"end":{"line":47,"column":20}},{"start":{"line":47,"column":20},"end":{"line":47,"column":null}}],"line":47}},"s":{"0":1,"1":5,"2":5,"3":5,"4":2,"5":5,"6":2,"7":5,"8":0,"9":0,"10":5,"11":2,"12":5},"f":{"0":5,"1":2,"2":2,"3":0,"4":2},"b":{"0":[0,0],"1":[2,3],"2":[5,2]},"meta":{"lastBranch":3,"lastFunction":5,"lastStatement":13,"seen":{"s:3:13:51:Infinity":0,"f:3:13:3:14":0,"s:4:20:10:Infinity":1,"s:11:28:11:Infinity":2,"s:13:27:15:Infinity":3,"f:13:27:13:33":1,"s:14:4:14:Infinity":4,"s:17:21:19:Infinity":5,"f:17:21:17:27":2,"s:18:4:18:Infinity":6,"s:21:23:25:Infinity":7,"f:21:23:21:35":3,"b:22:4:24:Infinity:undefined:undefined:undefined:undefined":0,"s:22:4:24:Infinity":8,"s:23:6:23:Infinity":9,"s:27:19:39:Infinity":10,"f:27:19:27:Infinity":4,"s:28:4:39:Infinity":11,"s:42:2:49:Infinity":12,"b:46:54:46:63:46:63:46:70":1,"b:47:9:47:20:47:20:47:Infinity":2}}}
,"/home/sebi/Desktop/Master/Fullstack/Part5/bloglist-frontend/src/components/CreateForm.jsx": {"path":"/home/sebi/Desktop/Master/Fullstack/Part5/bloglist-frontend/src/components/CreateForm.jsx","statementMap":{"0":{"start":{"line":3,"column":19},"end":{"line":55,"column":null}},"1":{"start":{"line":4,"column":23},"end":{"line":4,"column":null}},"2":{"start":{"line":5,"column":25},"end":{"line":5,"column":null}},"3":{"start":{"line":6,"column":19},"end":{"line":6,"column":null}},"4":{"start":{"line":8,"column":23},"end":{"line":17,"column":null}},"5":{"start":{"line":9,"column":4},"end":{"line":9,"column":null}},"6":{"start":{"line":10,"column":4},"end":{"line":16,"column":null}},"7":{"start":{"line":12,"column":6},"end":{"line":12,"column":null}},"8":{"start":{"line":13,"column":6},"end":{"line":13,"column":null}},"9":{"start":{"line":14,"column":6},"end":{"line":14,"column":null}},"10":{"start":{"line":15,"column":6},"end":{"line":15,"column":null}},"11":{"start":{"line":19,"column":2},"end":{"line":54,"column":null}},"12":{"start":{"line":28,"column":38},"end":{"line":28,"column":null}},"13":{"start":{"line":38,"column":38},"end":{"line":38,"column":null}},"14":{"start":{"line":48,"column":38},"end":{"line":48,"column":null}}},"fnMap":{"0":{"name":"(anonymous_0)","decl":{"start":{"line":3,"column":19},"end":{"line":3,"column":20}},"loc":{"start":{"line":3,"column":52},"end":{"line":55,"column":null}},"line":3},"1":{"name":"(anonymous_1)","decl":{"start":{"line":8,"column":23},"end":{"line":8,"column":30}},"loc":{"start":{"line":8,"column":40},"end":{"line":17,"column":null}},"line":8},"2":{"name":"(anonymous_2)","decl":{"start":{"line":28,"column":22},"end":{"line":28,"column":23}},"loc":{"start":{"line":28,"column":38},"end":{"line":28,"column":null}},"line":28},"3":{"name":"(anonymous_3)","decl":{"start":{"line":38,"column":22},"end":{"line":38,"column":23}},"loc":{"start":{"line":38,"column":38},"end":{"line":38,"column":null}},"line":38},"4":{"name":"(anonymous_4)","decl":{"start":{"line":48,"column":22},"end":{"line":48,"column":23}},"loc":{"start":{"line":48,"column":38},"end":{"line":48,"column":null}},"line":48}},"branchMap":{"0":{"loc":{"start":{"line":10,"column":4},"end":{"line":16,"column":null}},"type":"if","locations":[{"start":{"line":10,"column":4},"end":{"line":16,"column":null}},{"start":{},"end":{}}],"line":10}},"s":{"0":1,"1":84,"2":84,"3":84,"4":84,"5":1,"6":1,"7":1,"8":1,"9":1,"10":1,"11":84,"12":44,"13":11,"14":27},"f":{"0":84,"1":1,"2":44,"3":11,"4":27},"b":{"0":[1,0]},"meta":{"lastBranch":1,"lastFunction":5,"lastStatement":15,"seen":{"s:3:19:55:Infinity":0,"f:3:19:3:20":0,"s:4:23:4:Infinity":1,"s:5:25:5:Infinity":2,"s:6:19:6:Infinity":3,"s:8:23:17:Infinity":4,"f:8:23:8:30":1,"s:9:4:9:Infinity":5,"b:10:4:16:Infinity:undefined:undefined:undefined:undefined":0,"s:10:4:16:Infinity":6,"s:12:6:12:Infinity":7,"s:13:6:13:Infinity":8,"s:14:6:14:Infinity":9,"s:15:6:15:Infinity":10,"s:19:2:54:Infinity":11,"f:28:22:28:23":2,"s:28:38:28:Infinity":12,"f:38:22:38:23":3,"s:38:38:38:Infinity":13,"f:48:22:48:23":4,"s:48:38:48:Infinity":14}}}
}
